<?xml version="1.0" encoding="UTF-8"?>
<coverage generated="1648459787933" clover="3.2.0">
  <project timestamp="1648459787933" name="All files">
    <metrics statements="2" coveredstatements="2" conditionals="0" coveredconditionals="0" methods="2" coveredmethods="2" elements="4" coveredelements="4" complexity="0" loc="2" ncloc="2" packages="1" files="1" classes="1"/>
    <file name="test01.vue" path="C:\Users\Administrator\Desktop\su-sus-vue\vue_demo\src\views\jest\test01.vue">
      <metrics statements="2" coveredstatements="2" conditionals="0" coveredconditionals="0" methods="2" coveredmethods="2"/>
      <line num="12" count="1" type="stmt"/>
      <line num="19" count="1" type="stmt"/>
    </file>
  </project>
</coverage>
